# JRE version: Java(TM) SE Runtime Environment (8.0_05-b13) (build 1.8.0_05-b13)
# Java VM: Java HotSpot(TM) Client VM (25.5-b02 mixed mode windows-x86 )
Heap:
 def new generation   total 6912K, used 105K [0x04800000, 0x04f70000, 0x09d50000)
  eden space 6208K,   1% used [0x04800000, 0x0481a6a8, 0x04e10000)
  from space 704K,   0% used [0x04e10000, 0x04e10000, 0x04ec0000)
  to   space 704K,   0% used [0x04ec0000, 0x04ec0000, 0x04f70000)
 tenured generation   total 22564K, used 16492K [0x09d50000, 0x0b359000, 0x14800000)
   the space 22564K,  73% used [0x09d50000, 0x0ad6b170, 0x0ad6b200, 0x0b359000)
 Metaspace       used 4886K, capacity 4972K, committed 5120K, reserved 5504K
GC Heap History (10 events):
Event: 2.836 GC heap before
{Heap before GC invocations=1 (full 0):
 def new generation   total 4928K, used 4925K [0x04800000, 0x04d50000, 0x09d50000)
  eden space 4416K,  99% used [0x04800000, 0x04c4f758, 0x04c50000)
  from space 512K, 100% used [0x04cd0000, 0x04d50000, 0x04d50000)
  to   space 512K,   0% used [0x04c50000, 0x04c50000, 0x04cd0000)
 tenured generation   total 10944K, used 7727K [0x09d50000, 0x0a800000, 0x14800000)
   the space 10944K,  70% used [0x09d50000, 0x0a4dbc48, 0x0a4dbe00, 0x0a800000)
 Metaspace       used 3024K, capacity 3111K, committed 3136K, reserved 4480K
Event: 2.838 GC heap after
Heap after GC invocations=2 (full 0):
 def new generation   total 4992K, used 0K [0x04800000, 0x04d60000, 0x09d50000)
  eden space 4480K,   0% used [0x04800000, 0x04800000, 0x04c60000)
  from space 512K,   0% used [0x04c60000, 0x04c60000, 0x04ce0000)
  to   space 512K,   0% used [0x04ce0000, 0x04ce0000, 0x04d60000)
 tenured generation   total 10944K, used 8239K [0x09d50000, 0x0a800000, 0x14800000)
   the space 10944K,  75% used [0x09d50000, 0x0a55bc48, 0x0a55be00, 0x0a800000)
 Metaspace       used 3024K, capacity 3111K, committed 3136K, reserved 4480K
}
Event: 8.390 GC heap before
{Heap before GC invocations=2 (full 0):
 def new generation   total 4992K, used 4480K [0x04800000, 0x04d60000, 0x09d50000)
  eden space 4480K, 100% used [0x04800000, 0x04c60000, 0x04c60000)
  from space 512K,   0% used [0x04c60000, 0x04c60000, 0x04ce0000)
  to   space 512K,   0% used [0x04ce0000, 0x04ce0000, 0x04d60000)
 tenured generation   total 10944K, used 8239K [0x09d50000, 0x0a800000, 0x14800000)
   the space 10944K,  75% used [0x09d50000, 0x0a55bc48, 0x0a55be00, 0x0a800000)
 Metaspace       used 3820K, capacity 3914K, committed 4032K, reserved 4480K
Event: 8.393 GC heap after
Heap after GC invocations=3 (full 0):
 def new generation   total 4992K, used 512K [0x04800000, 0x04d60000, 0x09d50000)
  eden space 4480K,   0% used [0x04800000, 0x04800000, 0x04c60000)
  from space 512K, 100% used [0x04ce0000, 0x04d60000, 0x04d60000)
  to   space 512K,   0% used [0x04c60000, 0x04c60000, 0x04ce0000)
 tenured generation   total 10944K, used 8245K [0x09d50000, 0x0a800000, 0x14800000)
   the space 10944K,  75% used [0x09d50000, 0x0a55d528, 0x0a55d600, 0x0a800000)
 Metaspace       used 3820K, capacity 3914K, committed 4032K, reserved 4480K
}
Event: 14.260 GC heap before
{Heap before GC invocations=3 (full 0):
 def new generation   total 4992K, used 4992K [0x04800000, 0x04d60000, 0x09d50000)
  eden space 4480K, 100% used [0x04800000, 0x04c60000, 0x04c60000)
  from space 512K, 100% used [0x04ce0000, 0x04d60000, 0x04d60000)
  to   space 512K,   0% used [0x04c60000, 0x04c60000, 0x04ce0000)
 tenured generation   total 10944K, used 8245K [0x09d50000, 0x0a800000, 0x14800000)
   the space 10944K,  75% used [0x09d50000, 0x0a55d528, 0x0a55d600, 0x0a800000)
 Metaspace       used 4512K, capacity 4586K, committed 4608K, reserved 5504K
Event: 14.262 GC heap after
Heap after GC invocations=4 (full 0):
 def new generation   total 4992K, used 512K [0x04800000, 0x04d60000, 0x09d50000)
  eden space 4480K,   0% used [0x04800000, 0x04800000, 0x04c60000)
  from space 512K, 100% used [0x04c60000, 0x04ce0000, 0x04ce0000)
  to   space 512K,   0% used [0x04ce0000, 0x04ce0000, 0x04d60000)
 tenured generation   total 10944K, used 8623K [0x09d50000, 0x0a800000, 0x14800000)
   the space 10944K,  78% used [0x09d50000, 0x0a5bbe80, 0x0a5bc000, 0x0a800000)
 Metaspace       used 4512K, capacity 4586K, committed 4608K, reserved 5504K
}
Event: 18.838 GC heap before
{Heap before GC invocations=4 (full 0):
 def new generation   total 4992K, used 4992K [0x04800000, 0x04d60000, 0x09d50000)
  eden space 4480K, 100% used [0x04800000, 0x04c60000, 0x04c60000)
  from space 512K, 100% used [0x04c60000, 0x04ce0000, 0x04ce0000)
  to   space 512K,   0% used [0x04ce0000, 0x04ce0000, 0x04d60000)
 tenured generation   total 10944K, used 8623K [0x09d50000, 0x0a800000, 0x14800000)
   the space 10944K,  78% used [0x09d50000, 0x0a5bbe80, 0x0a5bc000, 0x0a800000)
 Metaspace       used 4690K, capacity 4748K, committed 4864K, reserved 5504K
Event: 18.840 GC heap after
Heap after GC invocations=5 (full 0):
 def new generation   total 4992K, used 276K [0x04800000, 0x04d60000, 0x09d50000)
  eden space 4480K,   0% used [0x04800000, 0x04800000, 0x04c60000)
  from space 512K,  54% used [0x04ce0000, 0x04d253d8, 0x04d60000)
  to   space 512K,   0% used [0x04c60000, 0x04c60000, 0x04ce0000)
 tenured generation   total 10944K, used 8750K [0x09d50000, 0x0a800000, 0x14800000)
   the space 10944K,  79% used [0x09d50000, 0x0a5db998, 0x0a5dba00, 0x0a800000)
 Metaspace       used 4690K, capacity 4748K, committed 4864K, reserved 5504K
}
Event: 25.147 GC heap before
{Heap before GC invocations=5 (full 0):
 def new generation   total 4992K, used 2323K [0x04800000, 0x04d60000, 0x09d50000)
  eden space 4480K,  45% used [0x04800000, 0x049ffab8, 0x04c60000)
  from space 512K,  54% used [0x04ce0000, 0x04d253d8, 0x04d60000)
  to   space 512K,   0% used [0x04c60000, 0x04c60000, 0x04ce0000)
 tenured generation   total 10944K, used 8750K [0x09d50000, 0x0a800000, 0x14800000)
   the space 10944K,  79% used [0x09d50000, 0x0a5db998, 0x0a5dba00, 0x0a800000)
 Metaspace       used 4886K, capacity 4972K, committed 5120K, reserved 5504K
Event: 25.161 GC heap after
Heap after GC invocations=6 (full 1):
 def new generation   total 6912K, used 0K [0x04800000, 0x04f70000, 0x09d50000)
  eden space 6208K,   0% used [0x04800000, 0x04800000, 0x04e10000)
  from space 704K,   0% used [0x04e10000, 0x04e10000, 0x04ec0000)
  to   space 704K,   0% used [0x04ec0000, 0x04ec0000, 0x04f70000)
 tenured generation   total 15168K, used 9100K [0x09d50000, 0x0ac20000, 0x14800000)
   the space 15168K,  59% used [0x09d50000, 0x0a633160, 0x0a633200, 0x0ac20000)
 Metaspace       used 4886K, capacity 4972K, committed 5120K, reserved 5504K
}

