# JRE version: Java(TM) SE Runtime Environment (8.0_05-b13) (build 1.8.0_05-b13)
# Java VM: Java HotSpot(TM) Client VM (25.5-b02 mixed mode windows-x86 )
Heap:
 def new generation   total 6912K, used 105K [0x04600000, 0x04d70000, 0x09b50000)
  eden space 6208K,   1% used [0x04600000, 0x0461a6b0, 0x04c10000)
  from space 704K,   0% used [0x04c10000, 0x04c10000, 0x04cc0000)
  to   space 704K,   0% used [0x04cc0000, 0x04cc0000, 0x04d70000)
 tenured generation   total 22564K, used 16492K [0x09b50000, 0x0b159000, 0x14600000)
   the space 22564K,  73% used [0x09b50000, 0x0ab6b2d8, 0x0ab6b400, 0x0b159000)
 Metaspace       used 4886K, capacity 4972K, committed 5120K, reserved 5504K
GC Heap History (10 events):
Event: 0.563 GC heap before
{Heap before GC invocations=1 (full 0):
 def new generation   total 4928K, used 4925K [0x04600000, 0x04b50000, 0x09b50000)
  eden space 4416K,  99% used [0x04600000, 0x04a4f758, 0x04a50000)
  from space 512K, 100% used [0x04ad0000, 0x04b50000, 0x04b50000)
  to   space 512K,   0% used [0x04a50000, 0x04a50000, 0x04ad0000)
 tenured generation   total 10944K, used 7727K [0x09b50000, 0x0a600000, 0x14600000)
   the space 10944K,  70% used [0x09b50000, 0x0a2dbc48, 0x0a2dbe00, 0x0a600000)
 Metaspace       used 3024K, capacity 3111K, committed 3136K, reserved 4480K
Event: 0.566 GC heap after
Heap after GC invocations=2 (full 0):
 def new generation   total 4992K, used 0K [0x04600000, 0x04b60000, 0x09b50000)
  eden space 4480K,   0% used [0x04600000, 0x04600000, 0x04a60000)
  from space 512K,   0% used [0x04a60000, 0x04a60000, 0x04ae0000)
  to   space 512K,   0% used [0x04ae0000, 0x04ae0000, 0x04b60000)
 tenured generation   total 10944K, used 8239K [0x09b50000, 0x0a600000, 0x14600000)
   the space 10944K,  75% used [0x09b50000, 0x0a35bc48, 0x0a35be00, 0x0a600000)
 Metaspace       used 3024K, capacity 3111K, committed 3136K, reserved 4480K
}
Event: 2.021 GC heap before
{Heap before GC invocations=2 (full 0):
 def new generation   total 4992K, used 4480K [0x04600000, 0x04b60000, 0x09b50000)
  eden space 4480K, 100% used [0x04600000, 0x04a60000, 0x04a60000)
  from space 512K,   0% used [0x04a60000, 0x04a60000, 0x04ae0000)
  to   space 512K,   0% used [0x04ae0000, 0x04ae0000, 0x04b60000)
 tenured generation   total 10944K, used 8239K [0x09b50000, 0x0a600000, 0x14600000)
   the space 10944K,  75% used [0x09b50000, 0x0a35bc48, 0x0a35be00, 0x0a600000)
 Metaspace       used 3820K, capacity 3914K, committed 4032K, reserved 4480K
Event: 2.024 GC heap after
Heap after GC invocations=3 (full 0):
 def new generation   total 4992K, used 512K [0x04600000, 0x04b60000, 0x09b50000)
  eden space 4480K,   0% used [0x04600000, 0x04600000, 0x04a60000)
  from space 512K, 100% used [0x04ae0000, 0x04b60000, 0x04b60000)
  to   space 512K,   0% used [0x04a60000, 0x04a60000, 0x04ae0000)
 tenured generation   total 10944K, used 8245K [0x09b50000, 0x0a600000, 0x14600000)
   the space 10944K,  75% used [0x09b50000, 0x0a35d528, 0x0a35d600, 0x0a600000)
 Metaspace       used 3820K, capacity 3914K, committed 4032K, reserved 4480K
}
Event: 3.229 GC heap before
{Heap before GC invocations=3 (full 0):
 def new generation   total 4992K, used 4992K [0x04600000, 0x04b60000, 0x09b50000)
  eden space 4480K, 100% used [0x04600000, 0x04a60000, 0x04a60000)
  from space 512K, 100% used [0x04ae0000, 0x04b60000, 0x04b60000)
  to   space 512K,   0% used [0x04a60000, 0x04a60000, 0x04ae0000)
 tenured generation   total 10944K, used 8245K [0x09b50000, 0x0a600000, 0x14600000)
   the space 10944K,  75% used [0x09b50000, 0x0a35d528, 0x0a35d600, 0x0a600000)
 Metaspace       used 4512K, capacity 4586K, committed 4608K, reserved 5504K
Event: 3.232 GC heap after
Heap after GC invocations=4 (full 0):
 def new generation   total 4992K, used 512K [0x04600000, 0x04b60000, 0x09b50000)
  eden space 4480K,   0% used [0x04600000, 0x04600000, 0x04a60000)
  from space 512K, 100% used [0x04a60000, 0x04ae0000, 0x04ae0000)
  to   space 512K,   0% used [0x04ae0000, 0x04ae0000, 0x04b60000)
 tenured generation   total 10944K, used 8623K [0x09b50000, 0x0a600000, 0x14600000)
   the space 10944K,  78% used [0x09b50000, 0x0a3bbfb0, 0x0a3bc000, 0x0a600000)
 Metaspace       used 4512K, capacity 4586K, committed 4608K, reserved 5504K
}
Event: 4.185 GC heap before
{Heap before GC invocations=4 (full 0):
 def new generation   total 4992K, used 4992K [0x04600000, 0x04b60000, 0x09b50000)
  eden space 4480K, 100% used [0x04600000, 0x04a60000, 0x04a60000)
  from space 512K, 100% used [0x04a60000, 0x04ae0000, 0x04ae0000)
  to   space 512K,   0% used [0x04ae0000, 0x04ae0000, 0x04b60000)
 tenured generation   total 10944K, used 8623K [0x09b50000, 0x0a600000, 0x14600000)
   the space 10944K,  78% used [0x09b50000, 0x0a3bbfb0, 0x0a3bc000, 0x0a600000)
 Metaspace       used 4690K, capacity 4748K, committed 4864K, reserved 5504K
Event: 4.187 GC heap after
Heap after GC invocations=5 (full 0):
 def new generation   total 4992K, used 276K [0x04600000, 0x04b60000, 0x09b50000)
  eden space 4480K,   0% used [0x04600000, 0x04600000, 0x04a60000)
  from space 512K,  54% used [0x04ae0000, 0x04b253f0, 0x04b60000)
  to   space 512K,   0% used [0x04a60000, 0x04a60000, 0x04ae0000)
 tenured generation   total 10944K, used 8750K [0x09b50000, 0x0a600000, 0x14600000)
   the space 10944K,  79% used [0x09b50000, 0x0a3dbad0, 0x0a3dbc00, 0x0a600000)
 Metaspace       used 4690K, capacity 4748K, committed 4864K, reserved 5504K
}
Event: 5.542 GC heap before
{Heap before GC invocations=5 (full 0):
 def new generation   total 4992K, used 2323K [0x04600000, 0x04b60000, 0x09b50000)
  eden space 4480K,  45% used [0x04600000, 0x047ffac0, 0x04a60000)
  from space 512K,  54% used [0x04ae0000, 0x04b253f0, 0x04b60000)
  to   space 512K,   0% used [0x04a60000, 0x04a60000, 0x04ae0000)
 tenured generation   total 10944K, used 8750K [0x09b50000, 0x0a600000, 0x14600000)
   the space 10944K,  79% used [0x09b50000, 0x0a3dbad0, 0x0a3dbc00, 0x0a600000)
 Metaspace       used 4886K, capacity 4972K, committed 5120K, reserved 5504K
Event: 5.554 GC heap after
Heap after GC invocations=6 (full 1):
 def new generation   total 6912K, used 0K [0x04600000, 0x04d70000, 0x09b50000)
  eden space 6208K,   0% used [0x04600000, 0x04600000, 0x04c10000)
  from space 704K,   0% used [0x04c10000, 0x04c10000, 0x04cc0000)
  to   space 704K,   0% used [0x04cc0000, 0x04cc0000, 0x04d70000)
 tenured generation   total 15168K, used 9100K [0x09b50000, 0x0aa20000, 0x14600000)
   the space 15168K,  59% used [0x09b50000, 0x0a4332c8, 0x0a433400, 0x0aa20000)
 Metaspace       used 4886K, capacity 4972K, committed 5120K, reserved 5504K
}

