# JRE version: Java(TM) SE Runtime Environment (8.0_05-b13) (build 1.8.0_05-b13)
# Java VM: Java HotSpot(TM) Client VM (25.5-b02 mixed mode, sharing windows-x86 )
Heap:
 def new generation   total 6912K, used 97K [0x04400000, 0x04b70000, 0x09950000)
  eden space 6208K,   1% used [0x04400000, 0x044185e8, 0x04a10000)
  from space 704K,   0% used [0x04a10000, 0x04a10000, 0x04ac0000)
  to   space 704K,   0% used [0x04ac0000, 0x04ac0000, 0x04b70000)
 tenured generation   total 22592K, used 16507K [0x09950000, 0x0af60000, 0x14400000)
   the space 22592K,  73% used [0x09950000, 0x0a96ed78, 0x0a96ee00, 0x0af60000)
 Metaspace       used 2405K, capacity 3940K, committed 4032K, reserved 4480K
GC Heap History (10 events):
Event: 1.238 GC heap before
{Heap before GC invocations=1 (full 0):
 def new generation   total 4928K, used 4922K [0x04400000, 0x04950000, 0x09950000)
  eden space 4416K,  99% used [0x04400000, 0x0484e8f0, 0x04850000)
  from space 512K, 100% used [0x048d0000, 0x04950000, 0x04950000)
  to   space 512K,   0% used [0x04850000, 0x04850000, 0x048d0000)
 tenured generation   total 10944K, used 7727K [0x09950000, 0x0a400000, 0x14400000)
   the space 10944K,  70% used [0x09950000, 0x0a0dbf00, 0x0a0dc000, 0x0a400000)
 Metaspace       used 708K, capacity 2399K, committed 2496K, reserved 4480K
Event: 1.241 GC heap after
Heap after GC invocations=2 (full 0):
 def new generation   total 4992K, used 0K [0x04400000, 0x04960000, 0x09950000)
  eden space 4480K,   0% used [0x04400000, 0x04400000, 0x04860000)
  from space 512K,   0% used [0x04860000, 0x04860000, 0x048e0000)
  to   space 512K,   0% used [0x048e0000, 0x048e0000, 0x04960000)
 tenured generation   total 10944K, used 8239K [0x09950000, 0x0a400000, 0x14400000)
   the space 10944K,  75% used [0x09950000, 0x0a15bf00, 0x0a15c000, 0x0a400000)
 Metaspace       used 708K, capacity 2399K, committed 2496K, reserved 4480K
}
Event: 3.037 GC heap before
{Heap before GC invocations=2 (full 0):
 def new generation   total 4992K, used 4480K [0x04400000, 0x04960000, 0x09950000)
  eden space 4480K, 100% used [0x04400000, 0x04860000, 0x04860000)
  from space 512K,   0% used [0x04860000, 0x04860000, 0x048e0000)
  to   space 512K,   0% used [0x048e0000, 0x048e0000, 0x04960000)
 tenured generation   total 10944K, used 8239K [0x09950000, 0x0a400000, 0x14400000)
   the space 10944K,  75% used [0x09950000, 0x0a15bf00, 0x0a15c000, 0x0a400000)
 Metaspace       used 1363K, capacity 2914K, committed 3008K, reserved 4480K
Event: 3.040 GC heap after
Heap after GC invocations=3 (full 0):
 def new generation   total 4992K, used 511K [0x04400000, 0x04960000, 0x09950000)
  eden space 4480K,   0% used [0x04400000, 0x04400000, 0x04860000)
  from space 512K,  99% used [0x048e0000, 0x0495feb8, 0x04960000)
  to   space 512K,   0% used [0x04860000, 0x04860000, 0x048e0000)
 tenured generation   total 10944K, used 8250K [0x09950000, 0x0a400000, 0x14400000)
   the space 10944K,  75% used [0x09950000, 0x0a15e918, 0x0a15ea00, 0x0a400000)
 Metaspace       used 1363K, capacity 2914K, committed 3008K, reserved 4480K
}
Event: 4.302 GC heap before
{Heap before GC invocations=3 (full 0):
 def new generation   total 4992K, used 4991K [0x04400000, 0x04960000, 0x09950000)
  eden space 4480K, 100% used [0x04400000, 0x04860000, 0x04860000)
  from space 512K,  99% used [0x048e0000, 0x0495feb8, 0x04960000)
  to   space 512K,   0% used [0x04860000, 0x04860000, 0x048e0000)
 tenured generation   total 10944K, used 8250K [0x09950000, 0x0a400000, 0x14400000)
   the space 10944K,  75% used [0x09950000, 0x0a15e918, 0x0a15ea00, 0x0a400000)
 Metaspace       used 2041K, capacity 3586K, committed 3648K, reserved 4480K
Event: 4.305 GC heap after
Heap after GC invocations=4 (full 0):
 def new generation   total 4992K, used 512K [0x04400000, 0x04960000, 0x09950000)
  eden space 4480K,   0% used [0x04400000, 0x04400000, 0x04860000)
  from space 512K, 100% used [0x04860000, 0x048e0000, 0x048e0000)
  to   space 512K,   0% used [0x048e0000, 0x048e0000, 0x04960000)
 tenured generation   total 10944K, used 8629K [0x09950000, 0x0a400000, 0x14400000)
   the space 10944K,  78% used [0x09950000, 0x0a1bd720, 0x0a1bd800, 0x0a400000)
 Metaspace       used 2041K, capacity 3586K, committed 3648K, reserved 4480K
}
Event: 5.293 GC heap before
{Heap before GC invocations=4 (full 0):
 def new generation   total 4992K, used 4992K [0x04400000, 0x04960000, 0x09950000)
  eden space 4480K, 100% used [0x04400000, 0x04860000, 0x04860000)
  from space 512K, 100% used [0x04860000, 0x048e0000, 0x048e0000)
  to   space 512K,   0% used [0x048e0000, 0x048e0000, 0x04960000)
 tenured generation   total 10944K, used 8629K [0x09950000, 0x0a400000, 0x14400000)
   the space 10944K,  78% used [0x09950000, 0x0a1bd720, 0x0a1bd800, 0x0a400000)
 Metaspace       used 2217K, capacity 3748K, committed 3776K, reserved 4480K
Event: 5.296 GC heap after
Heap after GC invocations=5 (full 0):
 def new generation   total 4992K, used 277K [0x04400000, 0x04960000, 0x09950000)
  eden space 4480K,   0% used [0x04400000, 0x04400000, 0x04860000)
  from space 512K,  54% used [0x048e0000, 0x049255f8, 0x04960000)
  to   space 512K,   0% used [0x04860000, 0x04860000, 0x048e0000)
 tenured generation   total 10944K, used 8757K [0x09950000, 0x0a400000, 0x14400000)
   the space 10944K,  80% used [0x09950000, 0x0a1dd568, 0x0a1dd600, 0x0a400000)
 Metaspace       used 2217K, capacity 3748K, committed 3776K, reserved 4480K
}
Event: 6.528 GC heap before
{Heap before GC invocations=5 (full 0):
 def new generation   total 4992K, used 2264K [0x04400000, 0x04960000, 0x09950000)
  eden space 4480K,  44% used [0x04400000, 0x045f0b48, 0x04860000)
  from space 512K,  54% used [0x048e0000, 0x049255f8, 0x04960000)
  to   space 512K,   0% used [0x04860000, 0x04860000, 0x048e0000)
 tenured generation   total 10944K, used 8757K [0x09950000, 0x0a400000, 0x14400000)
   the space 10944K,  80% used [0x09950000, 0x0a1dd568, 0x0a1dd600, 0x0a400000)
 Metaspace       used 2405K, capacity 3940K, committed 4032K, reserved 4480K
Event: 6.538 GC heap after
Heap after GC invocations=6 (full 1):
 def new generation   total 6912K, used 0K [0x04400000, 0x04b70000, 0x09950000)
  eden space 6208K,   0% used [0x04400000, 0x04400000, 0x04a10000)
  from space 704K,   0% used [0x04a10000, 0x04a10000, 0x04ac0000)
  to   space 704K,   0% used [0x04ac0000, 0x04ac0000, 0x04b70000)
 tenured generation   total 15196K, used 9115K [0x09950000, 0x0a827000, 0x14400000)
   the space 15196K,  59% used [0x09950000, 0x0a236d68, 0x0a236e00, 0x0a827000)
 Metaspace       used 2405K, capacity 3940K, committed 4032K, reserved 4480K
}

