# JRE version: Java(TM) SE Runtime Environment (8.0_05-b13) (build 1.8.0_05-b13)
# Java VM: Java HotSpot(TM) Client VM (25.5-b02 mixed mode windows-x86 )
Heap:
 def new generation   total 6912K, used 176K [0x04800000, 0x04f80000, 0x09d50000)
  eden space 6144K,   2% used [0x04800000, 0x0482c380, 0x04e00000)
  from space 768K,   0% used [0x04e00000, 0x04e00000, 0x04ec0000)
  to   space 768K,   0% used [0x04ec0000, 0x04ec0000, 0x04f80000)
 tenured generation   total 22700K, used 16573K [0x09d50000, 0x0b37b000, 0x14800000)
   the space 22700K,  73% used [0x09d50000, 0x0ad7f748, 0x0ad7f800, 0x0b37b000)
 Metaspace       used 4886K, capacity 4972K, committed 5120K, reserved 5504K
GC Heap History (10 events):
Event: 0.348 GC heap before
{Heap before GC invocations=1 (full 0):
 def new generation   total 4928K, used 4922K [0x04800000, 0x04d50000, 0x09d50000)
  eden space 4416K,  99% used [0x04800000, 0x04c4e800, 0x04c50000)
  from space 512K, 100% used [0x04cd0000, 0x04d50000, 0x04d50000)
  to   space 512K,   0% used [0x04c50000, 0x04c50000, 0x04cd0000)
 tenured generation   total 10944K, used 7749K [0x09d50000, 0x0a800000, 0x14800000)
   the space 10944K,  70% used [0x09d50000, 0x0a4e1768, 0x0a4e1800, 0x0a800000)
 Metaspace       used 3024K, capacity 3111K, committed 3136K, reserved 4480K
Event: 0.350 GC heap after
Heap after GC invocations=2 (full 0):
 def new generation   total 4992K, used 0K [0x04800000, 0x04d60000, 0x09d50000)
  eden space 4480K,   0% used [0x04800000, 0x04800000, 0x04c60000)
  from space 512K,   0% used [0x04c60000, 0x04c60000, 0x04ce0000)
  to   space 512K,   0% used [0x04ce0000, 0x04ce0000, 0x04d60000)
 tenured generation   total 10944K, used 8261K [0x09d50000, 0x0a800000, 0x14800000)
   the space 10944K,  75% used [0x09d50000, 0x0a561768, 0x0a561800, 0x0a800000)
 Metaspace       used 3024K, capacity 3111K, committed 3136K, reserved 4480K
}
Event: 1.383 GC heap before
{Heap before GC invocations=2 (full 0):
 def new generation   total 4992K, used 4480K [0x04800000, 0x04d60000, 0x09d50000)
  eden space 4480K, 100% used [0x04800000, 0x04c60000, 0x04c60000)
  from space 512K,   0% used [0x04c60000, 0x04c60000, 0x04ce0000)
  to   space 512K,   0% used [0x04ce0000, 0x04ce0000, 0x04d60000)
 tenured generation   total 10944K, used 8261K [0x09d50000, 0x0a800000, 0x14800000)
   the space 10944K,  75% used [0x09d50000, 0x0a561768, 0x0a561800, 0x0a800000)
 Metaspace       used 3794K, capacity 3882K, committed 3904K, reserved 4480K
Event: 1.385 GC heap after
Heap after GC invocations=3 (full 0):
 def new generation   total 4992K, used 487K [0x04800000, 0x04d60000, 0x09d50000)
  eden space 4480K,   0% used [0x04800000, 0x04800000, 0x04c60000)
  from space 512K,  95% used [0x04ce0000, 0x04d59e50, 0x04d60000)
  to   space 512K,   0% used [0x04c60000, 0x04c60000, 0x04ce0000)
 tenured generation   total 10944K, used 8261K [0x09d50000, 0x0a800000, 0x14800000)
   the space 10944K,  75% used [0x09d50000, 0x0a561768, 0x0a561800, 0x0a800000)
 Metaspace       used 3794K, capacity 3882K, committed 3904K, reserved 4480K
}
Event: 2.086 GC heap before
{Heap before GC invocations=3 (full 0):
 def new generation   total 4992K, used 4967K [0x04800000, 0x04d60000, 0x09d50000)
  eden space 4480K, 100% used [0x04800000, 0x04c60000, 0x04c60000)
  from space 512K,  95% used [0x04ce0000, 0x04d59e50, 0x04d60000)
  to   space 512K,   0% used [0x04c60000, 0x04c60000, 0x04ce0000)
 tenured generation   total 10944K, used 8261K [0x09d50000, 0x0a800000, 0x14800000)
   the space 10944K,  75% used [0x09d50000, 0x0a561768, 0x0a561800, 0x0a800000)
 Metaspace       used 4512K, capacity 4586K, committed 4608K, reserved 5504K
Event: 2.088 GC heap after
Heap after GC invocations=4 (full 0):
 def new generation   total 4992K, used 512K [0x04800000, 0x04d60000, 0x09d50000)
  eden space 4480K,   0% used [0x04800000, 0x04800000, 0x04c60000)
  from space 512K, 100% used [0x04c60000, 0x04ce0000, 0x04ce0000)
  to   space 512K,   0% used [0x04ce0000, 0x04ce0000, 0x04d60000)
 tenured generation   total 10944K, used 8653K [0x09d50000, 0x0a800000, 0x14800000)
   the space 10944K,  79% used [0x09d50000, 0x0a5c37d8, 0x0a5c3800, 0x0a800000)
 Metaspace       used 4512K, capacity 4586K, committed 4608K, reserved 5504K
}
Event: 2.680 GC heap before
{Heap before GC invocations=4 (full 0):
 def new generation   total 4992K, used 4992K [0x04800000, 0x04d60000, 0x09d50000)
  eden space 4480K, 100% used [0x04800000, 0x04c60000, 0x04c60000)
  from space 512K, 100% used [0x04c60000, 0x04ce0000, 0x04ce0000)
  to   space 512K,   0% used [0x04ce0000, 0x04ce0000, 0x04d60000)
 tenured generation   total 10944K, used 8653K [0x09d50000, 0x0a800000, 0x14800000)
   the space 10944K,  79% used [0x09d50000, 0x0a5c37d8, 0x0a5c3800, 0x0a800000)
 Metaspace       used 4646K, capacity 4716K, committed 4864K, reserved 5504K
Event: 2.682 GC heap after
Heap after GC invocations=5 (full 0):
 def new generation   total 4992K, used 224K [0x04800000, 0x04d60000, 0x09d50000)
  eden space 4480K,   0% used [0x04800000, 0x04800000, 0x04c60000)
  from space 512K,  43% used [0x04ce0000, 0x04d18158, 0x04d60000)
  to   space 512K,   0% used [0x04c60000, 0x04c60000, 0x04ce0000)
 tenured generation   total 10944K, used 8786K [0x09d50000, 0x0a800000, 0x14800000)
   the space 10944K,  80% used [0x09d50000, 0x0a5e48a8, 0x0a5e4a00, 0x0a800000)
 Metaspace       used 4646K, capacity 4716K, committed 4864K, reserved 5504K
}
Event: 4.150 GC heap before
{Heap before GC invocations=5 (full 0):
 def new generation   total 4992K, used 3075K [0x04800000, 0x04d60000, 0x09d50000)
  eden space 4480K,  63% used [0x04800000, 0x04ac8af0, 0x04c60000)
  from space 512K,  43% used [0x04ce0000, 0x04d18158, 0x04d60000)
  to   space 512K,   0% used [0x04c60000, 0x04c60000, 0x04ce0000)
 tenured generation   total 10944K, used 8786K [0x09d50000, 0x0a800000, 0x14800000)
   the space 10944K,  80% used [0x09d50000, 0x0a5e48a8, 0x0a5e4a00, 0x0a800000)
 Metaspace       used 4886K, capacity 4972K, committed 5120K, reserved 5504K
Event: 4.158 GC heap after
Heap after GC invocations=6 (full 1):
 def new generation   total 6912K, used 0K [0x04800000, 0x04f80000, 0x09d50000)
  eden space 6144K,   0% used [0x04800000, 0x04800000, 0x04e00000)
  from space 768K,   0% used [0x04e00000, 0x04e00000, 0x04ec0000)
  to   space 768K,   0% used [0x04ec0000, 0x04ec0000, 0x04f80000)
 tenured generation   total 15304K, used 9181K [0x09d50000, 0x0ac42000, 0x14800000)
   the space 15304K,  59% used [0x09d50000, 0x0a647738, 0x0a647800, 0x0ac42000)
 Metaspace       used 4886K, capacity 4972K, committed 5120K, reserved 5504K
}

